This is pdfTeX, Version 3.14159265-2.6-1.40.16 (MiKTeX 2.9) (preloaded format=pdflatex 2016.5.8)  4 DEC 2018 23:19
entering extended mode
**./DefNotation.tex
(DefNotation.tex
LaTeX2e <2015/10/01> patch level 2
Babel <3.9n> and hyphenation patterns for 69 languages loaded.
! Undefined control sequence.
l.9 \NewDocumentCommand
                       {\YiDotDef}{O{B} m}{ \left(Y_{{#2},1},\ldots,Y_{{#2},...
The control sequence at the end of the top line
of your error message was never \def'ed. If you have
misspelled it (e.g., `\hobx'), type `I' and the correct
spelling (e.g., `I\hbox'). Otherwise just continue,
and I'll forget about whatever was undefined.

! Undefined control sequence.
l.9 \NewDocumentCommand{\YiDotDef
                                 }{O{B} m}{ \left(Y_{{#2},1},\ldots,Y_{{#2},...
The control sequence at the end of the top line
of your error message was never \def'ed. If you have
misspelled it (e.g., `\hobx'), type `I' and the correct
spelling (e.g., `I\hbox'). Otherwise just continue,
and I'll forget about whatever was undefined.


! LaTeX Error: Missing \begin{document}.

See the LaTeX manual or LaTeX Companion for explanation.
Type  H <return>  for immediate help.
 ...                                              
                                                  
l.9 \NewDocumentCommand{\YiDotDef}{O
                                    {B} m}{ \left(Y_{{#2},1},\ldots,Y_{{#2},...

You're in trouble here.  Try typing  <return>  to proceed.
If that doesn't work, type  X <return>  to quit.

Missing character: There is no O in font nullfont!
Missing character: There is no B in font nullfont!
Missing character: There is no m in font nullfont!
! Missing $ inserted.
<inserted text> 
                $
l.9 \NewDocumentCommand{\YiDotDef}{O{B} m}{ \left
                                                 (Y_{{#2},1},\ldots,Y_{{#2},...
I've inserted a begin-math/end-math symbol since I think
you left one out. Proceed, with fingers crossed.

LaTeX Font Info:    External font `cmex10' loaded for size
(Font)              <7> on input line 9.
LaTeX Font Info:    External font `cmex10' loaded for size
(Font)              <5> on input line 9.
! You can't use `macro parameter character #' in math mode.
l.9 ...mentCommand{\YiDotDef}{O{B} m}{ \left(Y_{{#
                                                  2},1},\ldots,Y_{{#2},{#1}}...
Sorry, but I'm not programmed to handle this case;
I'll just pretend that you didn't ask for it.
If you're in the wrong mode, you might be able to
return to the right one by typing `I}' or `I$' or `I\par'.

! You can't use `macro parameter character #' in math mode.
l.9 ...Def}{O{B} m}{ \left(Y_{{#2},1},\ldots,Y_{{#
                                                  2},{#1}} \right)}
Sorry, but I'm not programmed to handle this case;
I'll just pretend that you didn't ask for it.
If you're in the wrong mode, you might be able to
return to the right one by typing `I}' or `I$' or `I\par'.

! You can't use `macro parameter character #' in math mode.
l.9 ...O{B} m}{ \left(Y_{{#2},1},\ldots,Y_{{#2},{#
                                                  1}} \right)}
Sorry, but I'm not programmed to handle this case;
I'll just pretend that you didn't ask for it.
If you're in the wrong mode, you might be able to
return to the right one by typing `I}' or `I$' or `I\par'.

! Extra }, or forgotten $.
l.9 ...ft(Y_{{#2},1},\ldots,Y_{{#2},{#1}} \right)}
                                                  
I've deleted a group-closing symbol because it seems to be
spurious, as in `$x}$'. But perhaps the } is legitimate and
you forgot something else, as in `\hbox{$x}'. In such cases
the way to recover is to insert both the forgotten and the
deleted material, e.g., by typing `I$}'.

! Undefined control sequence.
l.10 \NewDocumentCommand
                        {\YiDot}{O{i}}{  \utilde{Y}_{{#1, \bullet}}  }
The control sequence at the end of the top line
of your error message was never \def'ed. If you have
misspelled it (e.g., `\hobx'), type `I' and the correct
spelling (e.g., `I\hbox'). Otherwise just continue,
and I'll forget about whatever was undefined.

! Undefined control sequence.
l.10 \NewDocumentCommand{\YiDot
                               }{O{i}}{  \utilde{Y}_{{#1, \bullet}}  }
The control sequence at the end of the top line
of your error message was never \def'ed. If you have
misspelled it (e.g., `\hobx'), type `I' and the correct
spelling (e.g., `I\hbox'). Otherwise just continue,
and I'll forget about whatever was undefined.

! Undefined control sequence.
l.10 \NewDocumentCommand{\YiDot}{O{i}}{  \utilde
                                                {Y}_{{#1, \bullet}}  }
The control sequence at the end of the top line
of your error message was never \def'ed. If you have
misspelled it (e.g., `\hobx'), type `I' and the correct
spelling (e.g., `I\hbox'). Otherwise just continue,
and I'll forget about whatever was undefined.

! You can't use `macro parameter character #' in math mode.
l.10 ...mentCommand{\YiDot}{O{i}}{  \utilde{Y}_{{#
                                                  1, \bullet}}  }
Sorry, but I'm not programmed to handle this case;
I'll just pretend that you didn't ask for it.
If you're in the wrong mode, you might be able to
return to the right one by typing `I}' or `I$' or `I\par'.

! Missing $ inserted.
<inserted text> 
                $
l.11 
     
I've inserted a begin-math/end-math symbol since I think
you left one out. Proceed, with fingers crossed.


Overfull \hbox (20.0pt too wide) in paragraph at lines 9--11
[]
 []


Overfull \hbox (93.08672pt too wide) in paragraph at lines 9--11
$[] [][][]$ 
 []

! Undefined control sequence.
l.14 \NewDocumentCommand
                        {\OneWay}{ O{T} O{B} m}{
The control sequence at the end of the top line
of your error message was never \def'ed. If you have
misspelled it (e.g., `\hobx'), type `I' and the correct
spelling (e.g., `I\hbox'). Otherwise just continue,
and I'll forget about whatever was undefined.

! Undefined control sequence.
l.14 \NewDocumentCommand{\OneWay
                                }{ O{T} O{B} m}{
The control sequence at the end of the top line
of your error message was never \def'ed. If you have
misspelled it (e.g., `\hobx'), type `I' and the correct
spelling (e.g., `I\hbox'). Otherwise just continue,
and I'll forget about whatever was undefined.


! LaTeX Error: Missing \begin{document}.

See the LaTeX manual or LaTeX Companion for explanation.
Type  H <return>  for immediate help.
 ...                                              
                                                  
l.14 \NewDocumentCommand{\OneWay}{ O
                                    {T} O{B} m}{
You're in trouble here.  Try typing  <return>  to proceed.
If that doesn't work, type  X <return>  to quit.

Missing character: There is no O in font nullfont!
Missing character: There is no T in font nullfont!
Missing character: There is no O in font nullfont!
Missing character: There is no B in font nullfont!
Missing character: There is no m in font nullfont!
! Undefined control sequence.
l.15  \IfEqCase
               {#3}{%
The control sequence at the end of the top line
of your error message was never \def'ed. If you have
misspelled it (e.g., `\hobx'), type `I' and the correct
spelling (e.g., `I\hbox'). Otherwise just continue,
and I'll forget about whatever was undefined.

! You can't use `macro parameter character #' in horizontal mode.
l.15  \IfEqCase{#
                 3}{%
Sorry, but I'm not programmed to handle this case;
I'll just pretend that you didn't ask for it.
If you're in the wrong mode, you might be able to
return to the right one by typing `I}' or `I$' or `I\par'.

Missing character: There is no 3 in font nullfont!
Missing character: There is no m in font nullfont!
Missing character: There is no o in font nullfont!
Missing character: There is no d in font nullfont!
Missing character: There is no e in font nullfont!
Missing character: There is no l in font nullfont!
Missing character: There is no Y in font nullfont!
! Missing $ inserted.
<inserted text> 
                $
l.16   {model}{   Y_
                    {i,j}=\mu+ \tau_i+ \epsilon_{i,j} \text{ for } i 		=1, 2...
I've inserted a begin-math/end-math symbol since I think
you left one out. Proceed, with fingers crossed.

! Undefined control sequence.
l.16 ... Y_{i,j}=\mu+ \tau_i+ \epsilon_{i,j} \text
                                                  { for } i 		=1, 2,\ldots #...
The control sequence at the end of the top line
of your error message was never \def'ed. If you have
misspelled it (e.g., `\hobx'), type `I' and the correct
spelling (e.g., `I\hbox'). Otherwise just continue,
and I'll forget about whatever was undefined.

! You can't use `macro parameter character #' in math mode.
l.16 ...ilon_{i,j} \text{ for } i 		=1, 2,\ldots #
                                                  1; j = 1,2,\ldots #2
Sorry, but I'm not programmed to handle this case;
I'll just pretend that you didn't ask for it.
If you're in the wrong mode, you might be able to
return to the right one by typing `I}' or `I$' or `I\par'.

! You can't use `macro parameter character #' in math mode.
l.16 ...or } i 		=1, 2,\ldots #1; j = 1,2,\ldots #
                                                  2
Sorry, but I'm not programmed to handle this case;
I'll just pretend that you didn't ask for it.
If you're in the wrong mode, you might be able to
return to the right one by typing `I}' or `I$' or `I\par'.

! Extra }, or forgotten $.
l.17   	 }
          
I've deleted a group-closing symbol because it seems to be
spurious, as in `$x}$'. But perhaps the } is legitimate and
you forgot something else, as in `\hbox{$x}'. In such cases
the way to recover is to insert both the forgotten and the
deleted material, e.g., by typing `I$}'.


! LaTeX Error: Illegal character in array arg.

See the LaTeX manual or LaTeX Companion for explanation.
Type  H <return>  for immediate help.
 ...                                              
                                                  
l.19 ...t/2pt}c;{2pt/2pt}c;{2pt/2pt}c ;{2pt/2pt}c}
                                                  
You're in trouble here.  Try typing  <return>  to proceed.
If that doesn't work, type  X <return>  to quit.


! LaTeX Error: Illegal character in array arg.

See the LaTeX manual or LaTeX Companion for explanation.
Type  H <return>  for immediate help.
 ...                                              
                                                  
l.19 ...t/2pt}c;{2pt/2pt}c;{2pt/2pt}c ;{2pt/2pt}c}
                                                  
You're in trouble here.  Try typing  <return>  to proceed.
If that doesn't work, type  X <return>  to quit.


! LaTeX Error: Illegal character in array arg.

See the LaTeX manual or LaTeX Companion for explanation.
Type  H <return>  for immediate help.
 ...                                              
                                                  
l.19 ...t/2pt}c;{2pt/2pt}c;{2pt/2pt}c ;{2pt/2pt}c}
                                                  
You're in trouble here.  Try typing  <return>  to proceed.
If that doesn't work, type  X <return>  to quit.


! LaTeX Error: Illegal character in array arg.

See the LaTeX manual or LaTeX Companion for explanation.
Type  H <return>  for immediate help.
 ...                                              
                                                  
l.19 ...t/2pt}c;{2pt/2pt}c;{2pt/2pt}c ;{2pt/2pt}c}
                                                  
You're in trouble here.  Try typing  <return>  to proceed.
If that doesn't work, type  X <return>  to quit.


! LaTeX Error: Illegal character in array arg.

See the LaTeX manual or LaTeX Companion for explanation.
Type  H <return>  for immediate help.
 ...                                              
                                                  
l.19 ...t/2pt}c;{2pt/2pt}c;{2pt/2pt}c ;{2pt/2pt}c}
                                                  
You're in trouble here.  Try typing  <return>  to proceed.
If that doesn't work, type  X <return>  to quit.


! LaTeX Error: Illegal character in array arg.

See the LaTeX manual or LaTeX Companion for explanation.
Type  H <return>  for immediate help.
 ...                                              
                                                  
l.19 ...t/2pt}c;{2pt/2pt}c;{2pt/2pt}c ;{2pt/2pt}c}
                                                  
You're in trouble here.  Try typing  <return>  to proceed.
If that doesn't work, type  X <return>  to quit.


! LaTeX Error: Illegal character in array arg.

See the LaTeX manual or LaTeX Companion for explanation.
Type  H <return>  for immediate help.
 ...                                              
                                                  
l.19 ...t/2pt}c;{2pt/2pt}c;{2pt/2pt}c ;{2pt/2pt}c}
                                                  
You're in trouble here.  Try typing  <return>  to proceed.
If that doesn't work, type  X <return>  to quit.


! LaTeX Error: Illegal character in array arg.

See the LaTeX manual or LaTeX Companion for explanation.
Type  H <return>  for immediate help.
 ...                                              
                                                  
l.19 ...t/2pt}c;{2pt/2pt}c;{2pt/2pt}c ;{2pt/2pt}c}
                                                  
You're in trouble here.  Try typing  <return>  to proceed.
If that doesn't work, type  X <return>  to quit.

! You can't use `macro parameter character #' in math mode.
<argument>  Y_{1,1},\ldots ,Y_{1,{##
                                    2}}
l.20    \overbrace{ Y_{1,1},\ldots ,Y_{1,{#2}}}
                                               ^{\text{Treatment 1}}  & \cdo...
Sorry, but I'm not programmed to handle this case;
I'll just pretend that you didn't ask for it.
If you're in the wrong mode, you might be able to
return to the right one by typing `I}' or `I$' or `I\par'.

! Undefined control sequence.
l.20 ...rbrace{ Y_{1,1},\ldots ,Y_{1,{#2}}}^{\text
                                                  {Treatment 1}}  & \cdots &...
The control sequence at the end of the top line
of your error message was never \def'ed. If you have
misspelled it (e.g., `\hobx'), type `I' and the correct
spelling (e.g., `I\hbox'). Otherwise just continue,
and I'll forget about whatever was undefined.

! You can't use `macro parameter character #' in math mode.
<argument>  Y_{i,1},\ldots Y_{i,{##
                                   2}}
l.20 ... &  \overbrace{ Y_{i,1},\ldots Y_{i,{#2}}}
                                                  ^{\text{Treatment i}} & \c...
Sorry, but I'm not programmed to handle this case;
I'll just pretend that you didn't ask for it.
If you're in the wrong mode, you might be able to
return to the right one by typing `I}' or `I$' or `I\par'.

! Undefined control sequence.
l.20 ...erbrace{ Y_{i,1},\ldots Y_{i,{#2}}}^{\text
                                                  {Treatment i}} & \cdots & ...
The control sequence at the end of the top line
of your error message was never \def'ed. If you have
misspelled it (e.g., `\hobx'), type `I' and the correct
spelling (e.g., `I\hbox'). Otherwise just continue,
and I'll forget about whatever was undefined.

! You can't use `macro parameter character #' in math mode.
<argument> Y_{{##
                 1},1} \ldots Y_{{{##1}},{##2}}
l.20 ...erbrace{Y_{{#1},1} \ldots Y_{{{#1}},{#2}}}
                                                  ^{\text{Treatment #1}} \en...
Sorry, but I'm not programmed to handle this case;
I'll just pretend that you didn't ask for it.
If you're in the wrong mode, you might be able to
return to the right one by typing `I}' or `I$' or `I\par'.

! You can't use `macro parameter character #' in math mode.
<argument> Y_{{##1},1} \ldots Y_{{{##
                                     1}},{##2}}
l.20 ...erbrace{Y_{{#1},1} \ldots Y_{{{#1}},{#2}}}
                                                  ^{\text{Treatment #1}} \en...
Sorry, but I'm not programmed to handle this case;
I'll just pretend that you didn't ask for it.
If you're in the wrong mode, you might be able to
return to the right one by typing `I}' or `I$' or `I\par'.

! You can't use `macro parameter character #' in math mode.
<argument> Y_{{##1},1} \ldots Y_{{{##1}},{##
                                            2}}
l.20 ...erbrace{Y_{{#1},1} \ldots Y_{{{#1}},{#2}}}
                                                  ^{\text{Treatment #1}} \en...
Sorry, but I'm not programmed to handle this case;
I'll just pretend that you didn't ask for it.
If you're in the wrong mode, you might be able to
return to the right one by typing `I}' or `I$' or `I\par'.

! Undefined control sequence.
l.20 ...{Y_{{#1},1} \ldots Y_{{{#1}},{#2}}}^{\text
                                                  {Treatment #1}} \end{array...
The control sequence at the end of the top line
of your error message was never \def'ed. If you have
misspelled it (e.g., `\hobx'), type `I' and the correct
spelling (e.g., `I\hbox'). Otherwise just continue,
and I'll forget about whatever was undefined.

! You can't use `macro parameter character #' in math mode.
l.20 ...\ldots Y_{{{#1}},{#2}}}^{\text{Treatment #
                                                  1}} \end{array} } \right]^T
Sorry, but I'm not programmed to handle this case;
I'll just pretend that you didn't ask for it.
If you're in the wrong mode, you might be able to
return to the right one by typing `I}' or `I$' or `I\par'.


! LaTeX Error: Illegal character in array arg.

See the LaTeX manual or LaTeX Companion for explanation.
Type  H <return>  for immediate help.
 ...                                              
                                                  
l.22 ...t/2pt}c;{2pt/2pt}c;{2pt/2pt}c ;{2pt/2pt}c}
                                                  
You're in trouble here.  Try typing  <return>  to proceed.
If that doesn't work, type  X <return>  to quit.


! LaTeX Error: Illegal character in array arg.

See the LaTeX manual or LaTeX Companion for explanation.
Type  H <return>  for immediate help.
 ...                                              
                                                  
l.22 ...t/2pt}c;{2pt/2pt}c;{2pt/2pt}c ;{2pt/2pt}c}
                                                  
You're in trouble here.  Try typing  <return>  to proceed.
If that doesn't work, type  X <return>  to quit.


! LaTeX Error: Illegal character in array arg.

See the LaTeX manual or LaTeX Companion for explanation.
Type  H <return>  for immediate help.
 ...                                              
                                                  
l.22 ...t/2pt}c;{2pt/2pt}c;{2pt/2pt}c ;{2pt/2pt}c}
                                                  
You're in trouble here.  Try typing  <return>  to proceed.
If that doesn't work, type  X <return>  to quit.


! LaTeX Error: Illegal character in array arg.

See the LaTeX manual or LaTeX Companion for explanation.
Type  H <return>  for immediate help.
 ...                                              
                                                  
l.22 ...t/2pt}c;{2pt/2pt}c;{2pt/2pt}c ;{2pt/2pt}c}
                                                  
You're in trouble here.  Try typing  <return>  to proceed.
If that doesn't work, type  X <return>  to quit.


! LaTeX Error: Illegal character in array arg.

See the LaTeX manual or LaTeX Companion for explanation.
Type  H <return>  for immediate help.
 ...                                              
                                                  
l.22 ...t/2pt}c;{2pt/2pt}c;{2pt/2pt}c ;{2pt/2pt}c}
                                                  
You're in trouble here.  Try typing  <return>  to proceed.
If that doesn't work, type  X <return>  to quit.


! LaTeX Error: Illegal character in array arg.

See the LaTeX manual or LaTeX Companion for explanation.
Type  H <return>  for immediate help.
 ...                                              
                                                  
l.22 ...t/2pt}c;{2pt/2pt}c;{2pt/2pt}c ;{2pt/2pt}c}
                                                  
You're in trouble here.  Try typing  <return>  to proceed.
If that doesn't work, type  X <return>  to quit.


! LaTeX Error: Illegal character in array arg.

See the LaTeX manual or LaTeX Companion for explanation.
Type  H <return>  for immediate help.
 ...                                              
                                                  
l.22 ...t/2pt}c;{2pt/2pt}c;{2pt/2pt}c ;{2pt/2pt}c}
                                                  
You're in trouble here.  Try typing  <return>  to proceed.
If that doesn't work, type  X <return>  to quit.


! LaTeX Error: Illegal character in array arg.

See the LaTeX manual or LaTeX Companion for explanation.
Type  H <return>  for immediate help.
 ...                                              
                                                  
l.22 ...t/2pt}c;{2pt/2pt}c;{2pt/2pt}c ;{2pt/2pt}c}
                                                  
You're in trouble here.  Try typing  <return>  to proceed.
If that doesn't work, type  X <return>  to quit.

! Undefined control sequence.
l.23   \utilde
              {Y}_{1, \bullet}^T  & \cdots &   \utilde{Y}_{i, \bullet}^T& \c...
The control sequence at the end of the top line
of your error message was never \def'ed. If you have
misspelled it (e.g., `\hobx'), type `I' and the correct
spelling (e.g., `I\hbox'). Otherwise just continue,
and I'll forget about whatever was undefined.

! Undefined control sequence.
l.23 ...de{Y}_{1, \bullet}^T  & \cdots &   \utilde
                                                  {Y}_{i, \bullet}^T& \cdots...
The control sequence at the end of the top line
of your error message was never \def'ed. If you have
misspelled it (e.g., `\hobx'), type `I' and the correct
spelling (e.g., `I\hbox'). Otherwise just continue,
and I'll forget about whatever was undefined.

! Undefined control sequence.
l.23 ...utilde{Y}_{i, \bullet}^T& \cdots & \utilde
                                                  {Y}_{{#1}, \bullet}^T \end...
The control sequence at the end of the top line
of your error message was never \def'ed. If you have
misspelled it (e.g., `\hobx'), type `I' and the correct
spelling (e.g., `I\hbox'). Otherwise just continue,
and I'll forget about whatever was undefined.

! You can't use `macro parameter character #' in math mode.
l.23 ...Y}_{i, \bullet}^T& \cdots & \utilde{Y}_{{#
                                                  1}, \bullet}^T \end{array}...
Sorry, but I'm not programmed to handle this case;
I'll just pretend that you didn't ask for it.
If you're in the wrong mode, you might be able to
return to the right one by typing `I}' or `I$' or `I\par'.


! LaTeX Error: Illegal character in array arg.

See the LaTeX manual or LaTeX Companion for explanation.
Type  H <return>  for immediate help.
 ...                                              
                                                  
l.26 ...t/2pt}c;{2pt/2pt}c;{2pt/2pt}c ;{2pt/2pt}c}
                                                  
You're in trouble here.  Try typing  <return>  to proceed.
If that doesn't work, type  X <return>  to quit.


! LaTeX Error: Illegal character in array arg.

See the LaTeX manual or LaTeX Companion for explanation.
Type  H <return>  for immediate help.
 ...                                              
                                                  
l.26 ...t/2pt}c;{2pt/2pt}c;{2pt/2pt}c ;{2pt/2pt}c}
                                                  
You're in trouble here.  Try typing  <return>  to proceed.
If that doesn't work, type  X <return>  to quit.


! LaTeX Error: Illegal character in array arg.

See the LaTeX manual or LaTeX Companion for explanation.
Type  H <return>  for immediate help.
 ...                                              
                                                  
l.26 ...t/2pt}c;{2pt/2pt}c;{2pt/2pt}c ;{2pt/2pt}c}
                                                  
You're in trouble here.  Try typing  <return>  to proceed.
If that doesn't work, type  X <return>  to quit.


! LaTeX Error: Illegal character in array arg.

See the LaTeX manual or LaTeX Companion for explanation.
Type  H <return>  for immediate help.
 ...                                              
                                                  
l.26 ...t/2pt}c;{2pt/2pt}c;{2pt/2pt}c ;{2pt/2pt}c}
                                                  
You're in trouble here.  Try typing  <return>  to proceed.
If that doesn't work, type  X <return>  to quit.


! LaTeX Error: Illegal character in array arg.

See the LaTeX manual or LaTeX Companion for explanation.
Type  H <return>  for immediate help.
 ...                                              
                                                  
l.26 ...t/2pt}c;{2pt/2pt}c;{2pt/2pt}c ;{2pt/2pt}c}
                                                  
You're in trouble here.  Try typing  <return>  to proceed.
If that doesn't work, type  X <return>  to quit.


! LaTeX Error: Illegal character in array arg.

See the LaTeX manual or LaTeX Companion for explanation.
Type  H <return>  for immediate help.
 ...                                              
                                                  
l.26 ...t/2pt}c;{2pt/2pt}c;{2pt/2pt}c ;{2pt/2pt}c}
                                                  
You're in trouble here.  Try typing  <return>  to proceed.
If that doesn't work, type  X <return>  to quit.


! LaTeX Error: Illegal character in array arg.

See the LaTeX manual or LaTeX Companion for explanation.
Type  H <return>  for immediate help.
 ...                                              
                                                  
l.26 ...t/2pt}c;{2pt/2pt}c;{2pt/2pt}c ;{2pt/2pt}c}
                                                  
You're in trouble here.  Try typing  <return>  to proceed.
If that doesn't work, type  X <return>  to quit.


! LaTeX Error: Illegal character in array arg.

See the LaTeX manual or LaTeX Companion for explanation.
Type  H <return>  for immediate help.
 ...                                              
                                                  
l.26 ...t/2pt}c;{2pt/2pt}c;{2pt/2pt}c ;{2pt/2pt}c}
                                                  
You're in trouble here.  Try typing  <return>  to proceed.
If that doesn't work, type  X <return>  to quit.

! You can't use `macro parameter character #' in math mode.
<argument>  Y_{1,1},\ldots ,Y_{1,{##
                                    2}}
l.27    \overbrace{ Y_{1,1},\ldots ,Y_{1,{#2}}}
                                               ^{\text{Treatment 1}}  & \cdo...
Sorry, but I'm not programmed to handle this case;
I'll just pretend that you didn't ask for it.
If you're in the wrong mode, you might be able to
return to the right one by typing `I}' or `I$' or `I\par'.

! Undefined control sequence.
l.27 ...rbrace{ Y_{1,1},\ldots ,Y_{1,{#2}}}^{\text
                                                  {Treatment 1}}  & \cdots &...
The control sequence at the end of the top line
of your error message was never \def'ed. If you have
misspelled it (e.g., `\hobx'), type `I' and the correct
spelling (e.g., `I\hbox'). Otherwise just continue,
and I'll forget about whatever was undefined.

! You can't use `macro parameter character #' in math mode.
<argument>  Y_{i,1},\ldots Y_{i,{##
                                   2}}
l.27 ... &  \overbrace{ Y_{i,1},\ldots Y_{i,{#2}}}
                                                  ^{\text{Treatment 2}} & \c...
Sorry, but I'm not programmed to handle this case;
I'll just pretend that you didn't ask for it.
If you're in the wrong mode, you might be able to
return to the right one by typing `I}' or `I$' or `I\par'.

! Undefined control sequence.
l.27 ...erbrace{ Y_{i,1},\ldots Y_{i,{#2}}}^{\text
                                                  {Treatment 2}} & \cdots & ...
The control sequence at the end of the top line
of your error message was never \def'ed. If you have
misspelled it (e.g., `\hobx'), type `I' and the correct
spelling (e.g., `I\hbox'). Otherwise just continue,
and I'll forget about whatever was undefined.

! You can't use `macro parameter character #' in math mode.
<argument> Y_{{##
                 1},1} \ldots Y_{{{##1}},{##2}}
l.27 ...erbrace{Y_{{#1},1} \ldots Y_{{{#1}},{#2}}}
                                                  ^{\text{Treatment #1}} \en...
Sorry, but I'm not programmed to handle this case;
I'll just pretend that you didn't ask for it.
If you're in the wrong mode, you might be able to
return to the right one by typing `I}' or `I$' or `I\par'.

! You can't use `macro parameter character #' in math mode.
<argument> Y_{{##1},1} \ldots Y_{{{##
                                     1}},{##2}}
l.27 ...erbrace{Y_{{#1},1} \ldots Y_{{{#1}},{#2}}}
                                                  ^{\text{Treatment #1}} \en...
Sorry, but I'm not programmed to handle this case;
I'll just pretend that you didn't ask for it.
If you're in the wrong mode, you might be able to
return to the right one by typing `I}' or `I$' or `I\par'.

! You can't use `macro parameter character #' in math mode.
<argument> Y_{{##1},1} \ldots Y_{{{##1}},{##
                                            2}}
l.27 ...erbrace{Y_{{#1},1} \ldots Y_{{{#1}},{#2}}}
                                                  ^{\text{Treatment #1}} \en...
Sorry, but I'm not programmed to handle this case;
I'll just pretend that you didn't ask for it.
If you're in the wrong mode, you might be able to
return to the right one by typing `I}' or `I$' or `I\par'.

! Undefined control sequence.
l.27 ...{Y_{{#1},1} \ldots Y_{{{#1}},{#2}}}^{\text
                                                  {Treatment #1}} \end{array...
The control sequence at the end of the top line
of your error message was never \def'ed. If you have
misspelled it (e.g., `\hobx'), type `I' and the correct
spelling (e.g., `I\hbox'). Otherwise just continue,
and I'll forget about whatever was undefined.

! You can't use `macro parameter character #' in math mode.
l.27 ...\ldots Y_{{{#1}},{#2}}}^{\text{Treatment #
                                                  1}} \end{array} } \right]^T
Sorry, but I'm not programmed to handle this case;
I'll just pretend that you didn't ask for it.
If you're in the wrong mode, you might be able to
return to the right one by typing `I}' or `I$' or `I\par'.

! You can't use `macro parameter character #' in math mode.
l.29   	 {treatments}{ \tau_1,\ldots , \tau_{#
                                              1} }
Sorry, but I'm not programmed to handle this case;
I'll just pretend that you didn't ask for it.
If you're in the wrong mode, you might be able to
return to the right one by typing `I}' or `I$' or `I\par'.

! You can't use `macro parameter character #' in math mode.
l.30   	  {tau}{ \tau_1,\ldots , \tau_{#
                                        1} }
Sorry, but I'm not programmed to handle this case;
I'll just pretend that you didn't ask for it.
If you're in the wrong mode, you might be able to
return to the right one by typing `I}' or `I$' or `I\par'.

! Undefined control sequence.
l.31   	 {beta}{\left[\mu, \HLT
                               {$\tau_1,\ldots , \tau_{#1} $}\right]^T}
The control sequence at the end of the top line
of your error message was never \def'ed. If you have
misspelled it (e.g., `\hobx'), type `I' and the correct
spelling (e.g., `I\hbox'). Otherwise just continue,
and I'll forget about whatever was undefined.

! Missing } inserted.
<inserted text> 
                }
l.31   	 {beta}{\left[\mu, \HLT{$
                                 \tau_1,\ldots , \tau_{#1} $}\right]^T}
I've inserted something that you may have forgotten.
(See the <inserted text> above.)
With luck, this will get me unwedged. But if you
really didn't forget anything, try typing `2' now; then
my insertion and my current dilemma will both disappear.

! Missing \right. inserted.
<inserted text> 
                \right .
l.31   	 {beta}{\left[\mu, \HLT{$
                                 \tau_1,\ldots , \tau_{#1} $}\right]^T}
I've inserted something that you may have forgotten.
(See the <inserted text> above.)
With luck, this will get me unwedged. But if you
really didn't forget anything, try typing `2' now; then
my insertion and my current dilemma will both disappear.

! Missing } inserted.
<inserted text> 
                }
l.31   	 {beta}{\left[\mu, \HLT{$
                                 \tau_1,\ldots , \tau_{#1} $}\right]^T}
I've inserted something that you may have forgotten.
(See the <inserted text> above.)
With luck, this will get me unwedged. But if you
really didn't forget anything, try typing `2' now; then
my insertion and my current dilemma will both disappear.

! Missing $ inserted.
<inserted text> 
                $
l.31   	 {beta}{\left[\mu, \HLT{$\tau
                                     _1,\ldots , \tau_{#1} $}\right]^T}
I've inserted a begin-math/end-math symbol since I think
you left one out. Proceed, with fingers crossed.

! You can't use `macro parameter character #' in math mode.
l.31 ...}{\left[\mu, \HLT{$\tau_1,\ldots , \tau_{#
                                                  1} $}\right]^T}
Sorry, but I'm not programmed to handle this case;
I'll just pretend that you didn't ask for it.
If you're in the wrong mode, you might be able to
return to the right one by typing `I}' or `I$' or `I\par'.

! Missing $ inserted.
<inserted text> 
                $
l.31 ..., \HLT{$\tau_1,\ldots , \tau_{#1} $}\right
                                                  ]^T}
I've inserted a begin-math/end-math symbol since I think
you left one out. Proceed, with fingers crossed.

! Extra \right.
l.31 ... \HLT{$\tau_1,\ldots , \tau_{#1} $}\right]
                                                  ^T}
I'm ignoring a \right that had no matching \left.

! Extra }, or forgotten $.
l.31 ...LT{$\tau_1,\ldots , \tau_{#1} $}\right]^T}
                                                  
I've deleted a group-closing symbol because it seems to be
spurious, as in `$x}$'. But perhaps the } is legitimate and
you forgot something else, as in `\hbox{$x}'. In such cases
the way to recover is to insert both the forgotten and the
deleted material, e.g., by typing `I$}'.


! LaTeX Error: Illegal character in array arg.

See the LaTeX manual or LaTeX Companion for explanation.
Type  H <return>  for immediate help.
 ...                                              
                                                  
l.33 ...t/2pt}c;{2pt/2pt}c;{2pt/2pt}c ;{2pt/2pt}c}
                                                  
You're in trouble here.  Try typing  <return>  to proceed.
If that doesn't work, type  X <return>  to quit.


! LaTeX Error: Illegal character in array arg.

See the LaTeX manual or LaTeX Companion for explanation.
Type  H <return>  for immediate help.
 ...                                              
                                                  
l.33 ...t/2pt}c;{2pt/2pt}c;{2pt/2pt}c ;{2pt/2pt}c}
                                                  
You're in trouble here.  Try typing  <return>  to proceed.
If that doesn't work, type  X <return>  to quit.


! LaTeX Error: Illegal character in array arg.

See the LaTeX manual or LaTeX Companion for explanation.
Type  H <return>  for immediate help.
 ...                                              
                                                  
l.33 ...t/2pt}c;{2pt/2pt}c;{2pt/2pt}c ;{2pt/2pt}c}
                                                  
You're in trouble here.  Try typing  <return>  to proceed.
If that doesn't work, type  X <return>  to quit.


! LaTeX Error: Illegal character in array arg.

See the LaTeX manual or LaTeX Companion for explanation.
Type  H <return>  for immediate help.
 ...                                              
                                                  
l.33 ...t/2pt}c;{2pt/2pt}c;{2pt/2pt}c ;{2pt/2pt}c}
                                                  
You're in trouble here.  Try typing  <return>  to proceed.
If that doesn't work, type  X <return>  to quit.


! LaTeX Error: Illegal character in array arg.

See the LaTeX manual or LaTeX Companion for explanation.
Type  H <return>  for immediate help.
 ...                                              
                                                  
l.33 ...t/2pt}c;{2pt/2pt}c;{2pt/2pt}c ;{2pt/2pt}c}
                                                  
You're in trouble here.  Try typing  <return>  to proceed.
If that doesn't work, type  X <return>  to quit.


! LaTeX Error: Illegal character in array arg.

See the LaTeX manual or LaTeX Companion for explanation.
Type  H <return>  for immediate help.
 ...                                              
                                                  
l.33 ...t/2pt}c;{2pt/2pt}c;{2pt/2pt}c ;{2pt/2pt}c}
                                                  
You're in trouble here.  Try typing  <return>  to proceed.
If that doesn't work, type  X <return>  to quit.


! LaTeX Error: Illegal character in array arg.

See the LaTeX manual or LaTeX Companion for explanation.
Type  H <return>  for immediate help.
 ...                                              
                                                  
l.33 ...t/2pt}c;{2pt/2pt}c;{2pt/2pt}c ;{2pt/2pt}c}
                                                  
You're in trouble here.  Try typing  <return>  to proceed.
If that doesn't work, type  X <return>  to quit.


! LaTeX Error: Illegal character in array arg.

See the LaTeX manual or LaTeX Companion for explanation.
Type  H <return>  for immediate help.
 ...                                              
                                                  
l.33 ...t/2pt}c;{2pt/2pt}c;{2pt/2pt}c ;{2pt/2pt}c}
                                                  
You're in trouble here.  Try typing  <return>  to proceed.
If that doesn't work, type  X <return>  to quit.

! You can't use `macro parameter character #' in math mode.
<argument> ...ilon _{1,1},\ldots ,\epsilon _{1,{##
                                                  2}}
l.34 ... \epsilon_{1,1},\ldots ,\epsilon_{1,{#2}}}
                                                  ^{\text{Treatment 1}}  & \...
Sorry, but I'm not programmed to handle this case;
I'll just pretend that you didn't ask for it.
If you're in the wrong mode, you might be able to
return to the right one by typing `I}' or `I$' or `I\par'.

! Undefined control sequence.
l.34 ...on_{1,1},\ldots ,\epsilon_{1,{#2}}}^{\text
                                                  {Treatment 1}}  & \cdots &...
The control sequence at the end of the top line
of your error message was never \def'ed. If you have
misspelled it (e.g., `\hobx'), type `I' and the correct
spelling (e.g., `I\hbox'). Otherwise just continue,
and I'll forget about whatever was undefined.

! You can't use `macro parameter character #' in math mode.
<argument> ...ilon _{i,1},\ldots \epsilon _{ i,{##
                                                  2}} 
l.34 ...psilon_{i,1},\ldots \epsilon_{  i,{#2}}  }
                                                  ^{\text{$i^{th}$ Treatment...
Sorry, but I'm not programmed to handle this case;
I'll just pretend that you didn't ask for it.
If you're in the wrong mode, you might be able to
return to the right one by typing `I}' or `I$' or `I\par'.

! Undefined control sequence.
l.34 ...{i,1},\ldots \epsilon_{  i,{#2}}  }^{\text
                                                  {$i^{th}$ Treatment}} & \c...
The control sequence at the end of the top line
of your error message was never \def'ed. If you have
misspelled it (e.g., `\hobx'), type `I' and the correct
spelling (e.g., `I\hbox'). Otherwise just continue,
and I'll forget about whatever was undefined.

! Missing } inserted.
<inserted text> 
                }
l.34 ...,1},\ldots \epsilon_{  i,{#2}}  }^{\text{$
                                                  i^{th}$ Treatment}} & \cdo...
I've inserted something that you may have forgotten.
(See the <inserted text> above.)
With luck, this will get me unwedged. But if you
really didn't forget anything, try typing `2' now; then
my insertion and my current dilemma will both disappear.

! Missing } inserted.
<inserted text> 
                }
l.34 ...,1},\ldots \epsilon_{  i,{#2}}  }^{\text{$
                                                  i^{th}$ Treatment}} & \cdo...
I've inserted something that you may have forgotten.
(See the <inserted text> above.)
With luck, this will get me unwedged. But if you
really didn't forget anything, try typing `2' now; then
my insertion and my current dilemma will both disappear.

Missing character: There is no i in font nullfont!
! Missing $ inserted.
<inserted text> 
                $
l.34 ...},\ldots \epsilon_{  i,{#2}}  }^{\text{$i^
                                                  {th}$ Treatment}} & \cdots...
I've inserted a begin-math/end-math symbol since I think
you left one out. Proceed, with fingers crossed.

Missing character: There is no T in font nullfont!
Missing character: There is no r in font nullfont!
Missing character: There is no e in font nullfont!
Missing character: There is no a in font nullfont!
Missing character: There is no t in font nullfont!
Missing character: There is no m in font nullfont!
Missing character: There is no e in font nullfont!
Missing character: There is no n in font nullfont!
Missing character: There is no t in font nullfont!
! Missing \cr inserted.
<inserted text> 
                \cr 
l.34 ...n_{  i,{#2}}  }^{\text{$i^{th}$ Treatment}
                                                  } & \cdots & \overbrace{\e...
I'm guessing that you meant to end an alignment here.

! Missing $ inserted.
<inserted text> 
                $
l.34 ...n_{  i,{#2}}  }^{\text{$i^{th}$ Treatment}
                                                  } & \cdots & \overbrace{\e...
I've inserted a begin-math/end-math symbol since I think
you left one out. Proceed, with fingers crossed.

! Misplaced alignment tab character &.
l.34 ...  i,{#2}}  }^{\text{$i^{th}$ Treatment}} &
                                                   \cdots & \overbrace{\epsi...
I can't figure out why you would want to use a tab mark
here. If you just want an ampersand, the remedy is
simple: Just type `I\&' now. But if some right brace
up above has ended a previous alignment prematurely,
you're probably due for more error messages, and you
might try typing `S' now just to see what is salvageable.

! Misplaced alignment tab character &.
l.34 ...  }^{\text{$i^{th}$ Treatment}} & \cdots &
                                                   \overbrace{\epsilon_{{#1}...
I can't figure out why you would want to use a tab mark
here. If you just want an ampersand, the remedy is
simple: Just type `I\&' now. But if some right brace
up above has ended a previous alignment prematurely,
you're probably due for more error messages, and you
might try typing `S' now just to see what is salvageable.

! You can't use `macro parameter character #' in math mode.
<argument> \epsilon _{{##
                         1},1} \ldots \epsilon _{{{##1}},{##2}}
l.34 ...on_{{#1},1} \ldots \epsilon_{{{#1}},{#2}}}
                                                  ^{\text{Treatment #1}} \en...
Sorry, but I'm not programmed to handle this case;
I'll just pretend that you didn't ask for it.
If you're in the wrong mode, you might be able to
return to the right one by typing `I}' or `I$' or `I\par'.

! You can't use `macro parameter character #' in math mode.
<argument> ...on _{{##1},1} \ldots \epsilon _{{{##
                                                  1}},{##2}}
l.34 ...on_{{#1},1} \ldots \epsilon_{{{#1}},{#2}}}
                                                  ^{\text{Treatment #1}} \en...
Sorry, but I'm not programmed to handle this case;
I'll just pretend that you didn't ask for it.
If you're in the wrong mode, you might be able to
return to the right one by typing `I}' or `I$' or `I\par'.

! You can't use `macro parameter character #' in math mode.
<argument> ...#1},1} \ldots \epsilon _{{{##1}},{##
                                                  2}}
l.34 ...on_{{#1},1} \ldots \epsilon_{{{#1}},{#2}}}
                                                  ^{\text{Treatment #1}} \en...
Sorry, but I'm not programmed to handle this case;
I'll just pretend that you didn't ask for it.
If you're in the wrong mode, you might be able to
return to the right one by typing `I}' or `I$' or `I\par'.

! Undefined control sequence.
l.34 ...},1} \ldots \epsilon_{{{#1}},{#2}}}^{\text
                                                  {Treatment #1}} \end{array...
The control sequence at the end of the top line
of your error message was never \def'ed. If you have
misspelled it (e.g., `\hobx'), type `I' and the correct
spelling (e.g., `I\hbox'). Otherwise just continue,
and I'll forget about whatever was undefined.

! You can't use `macro parameter character #' in math mode.
l.34 ...\epsilon_{{{#1}},{#2}}}^{\text{Treatment #
                                                  1}} \end{array} } \right]^T
Sorry, but I'm not programmed to handle this case;
I'll just pretend that you didn't ask for it.
If you're in the wrong mode, you might be able to
return to the right one by typing `I}' or `I$' or `I\par'.

! Misplaced \crcr.
\endarray ->\crcr 
                  \egroup \egroup 
l.34 ...},{#2}}}^{\text{Treatment #1}} \end{array}
                                                   } \right]^T
I can't figure out why you would want to use a tab mark
or \cr or \span just now. If something like a right brace
up above has ended a previous alignment prematurely,
you're probably due for more error messages, and you
might try typing `S' now just to see what is salvageable.

! Extra }, or forgotten \endgroup.
\endarray ->\crcr \egroup 
                          \egroup 
l.34 ...},{#2}}}^{\text{Treatment #1}} \end{array}
                                                   } \right]^T
I've deleted a group-closing symbol because it seems to be
spurious, as in `$x}$'. But perhaps the } is legitimate and
you forgot something else, as in `\hbox{$x}'. In such cases
the way to recover is to insert both the forgotten and the
deleted material, e.g., by typing `I$}'.

! Extra }, or forgotten \endgroup.
\endarray ->\crcr \egroup \egroup 
                                  
l.34 ...},{#2}}}^{\text{Treatment #1}} \end{array}
                                                   } \right]^T
I've deleted a group-closing symbol because it seems to be
spurious, as in `$x}$'. But perhaps the } is legitimate and
you forgot something else, as in `\hbox{$x}'. In such cases
the way to recover is to insert both the forgotten and the
deleted material, e.g., by typing `I$}'.


! LaTeX Error: Illegal character in array arg.

See the LaTeX manual or LaTeX Companion for explanation.
Type  H <return>  for immediate help.
 ...                                              
                                                  
l.37  \left[ {\begin{array}{c;{2pt/2pt}cccc}
                                            
You're in trouble here.  Try typing  <return>  to proceed.
If that doesn't work, type  X <return>  to quit.


! LaTeX Error: Illegal character in array arg.

See the LaTeX manual or LaTeX Companion for explanation.
Type  H <return>  for immediate help.
 ...                                              
                                                  
l.37  \left[ {\begin{array}{c;{2pt/2pt}cccc}
                                            
You're in trouble here.  Try typing  <return>  to proceed.
If that doesn't work, type  X <return>  to quit.

! Undefined control sequence.
l.38    \Onebf
              _{#2} &  \Onebf_{#2} & \ZeroF  & \ldots &  \ZeroF\\
The control sequence at the end of the top line
of your error message was never \def'ed. If you have
misspelled it (e.g., `\hobx'), type `I' and the correct
spelling (e.g., `I\hbox'). Otherwise just continue,
and I'll forget about whatever was undefined.

! You can't use `macro parameter character #' in math mode.
l.38    \Onebf_{#
                 2} &  \Onebf_{#2} & \ZeroF  & \ldots &  \ZeroF\\
Sorry, but I'm not programmed to handle this case;
I'll just pretend that you didn't ask for it.
If you're in the wrong mode, you might be able to
return to the right one by typing `I}' or `I$' or `I\par'.

! Undefined control sequence.
l.38    \Onebf_{#2} &  \Onebf
                             _{#2} & \ZeroF  & \ldots &  \ZeroF\\
The control sequence at the end of the top line
of your error message was never \def'ed. If you have
misspelled it (e.g., `\hobx'), type `I' and the correct
spelling (e.g., `I\hbox'). Otherwise just continue,
and I'll forget about whatever was undefined.

! You can't use `macro parameter character #' in math mode.
l.38    \Onebf_{#2} &  \Onebf_{#
                                2} & \ZeroF  & \ldots &  \ZeroF\\
(That makes 100 errors; please try again.) 
Here is how much of TeX's memory you used:
 21 strings out of 493634
 199 string characters out of 3141315
 56604 words of memory out of 3000000
 3506 multiletter control sequences out of 15000+200000
 3640 words of font info for 14 fonts, out of 3000000 for 9000
 1025 hyphenation exceptions out of 8191
 18i,19n,16p,321b,129s stack positions out of 5000i,500n,10000p,200000b,50000s

!  ==> Fatal error occurred, no output PDF file produced!
